# JRE version: Java(TM) SE Runtime Environment (16.0.1+9) (build 16.0.1+9-24)
# Java VM: Java HotSpot(TM) 64-Bit Server VM (16.0.1+9-24, mixed mode, sharing, tiered, compressed oops, compressed class ptrs, g1 gc, windows-amd64)
GC Precious Log:
 CPUs: 4 total, 4 available
 Memory: 3982M
 Large Page Support: Disabled
 NUMA Support: Disabled
 Compressed Oops: Enabled (32-bit)
 Heap Region Size: 1M
 Heap Min Capacity: 8M
 Heap Initial Capacity: 64M
 Heap Max Capacity: 996M
 Pre-touch: Disabled
 Parallel Workers: 4
 Concurrent Workers: 1
 Concurrent Refinement Workers: 4
 Periodic GC: Disabled
Heap:
 garbage-first heap   total 160768K, used 66973K [0x00000000c1c00000, 0x0000000100000000)
  region size 1024K, 22 young (22528K), 8 survivors (8192K)
 Metaspace       used 56101K, committed 56512K, reserved 1097728K
  class space    used 7716K, committed 7936K, reserved 1048576K
GC Heap History (20 events):
Event: 19.270 GC heap before
{Heap before GC invocations=15 (full 0):
 garbage-first heap   total 82944K, used 24697K [0x00000000c1c00000, 0x0000000100000000)
  region size 1024K, 9 young (9216K), 3 survivors (3072K)
 Metaspace       used 35279K, committed 35648K, reserved 1081344K
  class space    used 4875K, committed 5056K, reserved 1048576K
}
Event: 19.282 GC heap after
{Heap after GC invocations=16 (full 0):
 garbage-first heap   total 82944K, used 20158K [0x00000000c1c00000, 0x0000000100000000)
  region size 1024K, 4 young (4096K), 4 survivors (4096K)
 Metaspace       used 35279K, committed 35648K, reserved 1081344K
  class space    used 4875K, committed 5056K, reserved 1048576K
}
Event: 23.900 GC heap before
{Heap before GC invocations=17 (full 0):
 garbage-first heap   total 75776K, used 61118K [0x00000000c1c00000, 0x0000000100000000)
  region size 1024K, 44 young (45056K), 4 survivors (4096K)
 Metaspace       used 43811K, committed 44224K, reserved 1089536K
  class space    used 6105K, committed 6272K, reserved 1048576K
}
Event: 23.926 GC heap after
{Heap after GC invocations=18 (full 0):
 garbage-first heap   total 75776K, used 22423K [0x00000000c1c00000, 0x0000000100000000)
  region size 1024K, 5 young (5120K), 5 survivors (5120K)
 Metaspace       used 43811K, committed 44224K, reserved 1089536K
  class space    used 6105K, committed 6272K, reserved 1048576K
}
Event: 26.339 GC heap before
{Heap before GC invocations=18 (full 0):
 garbage-first heap   total 75776K, used 60311K [0x00000000c1c00000, 0x0000000100000000)
  region size 1024K, 42 young (43008K), 5 survivors (5120K)
 Metaspace       used 46883K, committed 47360K, reserved 1089536K
  class space    used 6609K, committed 6848K, reserved 1048576K
}
Event: 26.355 GC heap after
{Heap after GC invocations=19 (full 0):
 garbage-first heap   total 75776K, used 25061K [0x00000000c1c00000, 0x0000000100000000)
  region size 1024K, 6 young (6144K), 6 survivors (6144K)
 Metaspace       used 46883K, committed 47360K, reserved 1089536K
  class space    used 6609K, committed 6848K, reserved 1048576K
}
Event: 27.541 GC heap before
{Heap before GC invocations=19 (full 0):
 garbage-first heap   total 75776K, used 60901K [0x00000000c1c00000, 0x0000000100000000)
  region size 1024K, 40 young (40960K), 6 survivors (6144K)
 Metaspace       used 48713K, committed 49216K, reserved 1097728K
  class space    used 6810K, committed 7040K, reserved 1048576K
}
Event: 27.560 GC heap after
{Heap after GC invocations=20 (full 0):
 garbage-first heap   total 75776K, used 31370K [0x00000000c1c00000, 0x0000000100000000)
  region size 1024K, 5 young (5120K), 5 survivors (5120K)
 Metaspace       used 48713K, committed 49216K, reserved 1097728K
  class space    used 6810K, committed 7040K, reserved 1048576K
}
Event: 27.903 GC heap before
{Heap before GC invocations=20 (full 0):
 garbage-first heap   total 75776K, used 55946K [0x00000000c1c00000, 0x0000000100000000)
  region size 1024K, 30 young (30720K), 5 survivors (5120K)
 Metaspace       used 48840K, committed 49280K, reserved 1097728K
  class space    used 6825K, committed 7040K, reserved 1048576K
}
Event: 27.924 GC heap after
{Heap after GC invocations=21 (full 0):
 garbage-first heap   total 75776K, used 38463K [0x00000000c1c00000, 0x0000000100000000)
  region size 1024K, 4 young (4096K), 4 survivors (4096K)
 Metaspace       used 48840K, committed 49280K, reserved 1097728K
  class space    used 6825K, committed 7040K, reserved 1048576K
}
Event: 27.955 GC heap before
{Heap before GC invocations=21 (full 0):
 garbage-first heap   total 75776K, used 41535K [0x00000000c1c00000, 0x0000000100000000)
  region size 1024K, 8 young (8192K), 4 survivors (4096K)
 Metaspace       used 48840K, committed 49280K, reserved 1097728K
  class space    used 6825K, committed 7040K, reserved 1048576K
}
Event: 27.963 GC heap after
{Heap after GC invocations=22 (full 0):
 garbage-first heap   total 75776K, used 40513K [0x00000000c1c00000, 0x0000000100000000)
  region size 1024K, 2 young (2048K), 2 survivors (2048K)
 Metaspace       used 48840K, committed 49280K, reserved 1097728K
  class space    used 6825K, committed 7040K, reserved 1048576K
}
Event: 28.101 GC heap before
{Heap before GC invocations=22 (full 0):
 garbage-first heap   total 75776K, used 56897K [0x00000000c1c00000, 0x0000000100000000)
  region size 1024K, 18 young (18432K), 2 survivors (2048K)
 Metaspace       used 48840K, committed 49280K, reserved 1097728K
  class space    used 6825K, committed 7040K, reserved 1048576K
}
Event: 28.109 GC heap after
{Heap after GC invocations=23 (full 0):
 garbage-first heap   total 75776K, used 44393K [0x00000000c1c00000, 0x0000000100000000)
  region size 1024K, 3 young (3072K), 3 survivors (3072K)
 Metaspace       used 48840K, committed 49280K, reserved 1097728K
  class space    used 6825K, committed 7040K, reserved 1048576K
}
Event: 28.360 GC heap before
{Heap before GC invocations=24 (full 0):
 garbage-first heap   total 80896K, used 57705K [0x00000000c1c00000, 0x0000000100000000)
  region size 1024K, 17 young (17408K), 3 survivors (3072K)
 Metaspace       used 48836K, committed 49280K, reserved 1097728K
  class space    used 6824K, committed 7040K, reserved 1048576K
}
Event: 28.373 GC heap after
{Heap after GC invocations=25 (full 0):
 garbage-first heap   total 80896K, used 49101K [0x00000000c1c00000, 0x0000000100000000)
  region size 1024K, 3 young (3072K), 3 survivors (3072K)
 Metaspace       used 48836K, committed 49280K, reserved 1097728K
  class space    used 6824K, committed 7040K, reserved 1048576K
}
Event: 28.378 GC heap before
{Heap before GC invocations=25 (full 0):
 garbage-first heap   total 80896K, used 50125K [0x00000000c1c00000, 0x0000000100000000)
  region size 1024K, 4 young (4096K), 3 survivors (3072K)
 Metaspace       used 48836K, committed 49280K, reserved 1097728K
  class space    used 6824K, committed 7040K, reserved 1048576K
}
Event: 28.391 GC heap after
{Heap after GC invocations=26 (full 0):
 garbage-first heap   total 160768K, used 44303K [0x00000000c1c00000, 0x0000000100000000)
  region size 1024K, 1 young (1024K), 1 survivors (1024K)
 Metaspace       used 48836K, committed 49280K, reserved 1097728K
  class space    used 6824K, committed 7040K, reserved 1048576K
}
Event: 42.021 GC heap before
{Heap before GC invocations=26 (full 0):
 garbage-first heap   total 160768K, used 101647K [0x00000000c1c00000, 0x0000000100000000)
  region size 1024K, 57 young (58368K), 1 survivors (1024K)
 Metaspace       used 52852K, committed 53312K, reserved 1097728K
  class space    used 7325K, committed 7488K, reserved 1048576K
}
Event: 42.061 GC heap after
{Heap after GC invocations=27 (full 0):
 garbage-first heap   total 160768K, used 54685K [0x00000000c1c00000, 0x0000000100000000)
  region size 1024K, 8 young (8192K), 8 survivors (8192K)
 Metaspace       used 52852K, committed 53312K, reserved 1097728K
  class space    used 7325K, committed 7488K, reserved 1048576K
}

